<?xml version="1.0" encoding="UTF-8"?>
<!-- Generated by org.testng.reporters.JUnitReportReporter -->
<testsuite hostname="Kumuads" failures="0" tests="1" name="com.crm.testcases.TC33_ToVerifyDedupeRuleTest" time="0.575" errors="0" timestamp="2022-12-29T16:56:00 IST" skipped="1">
  <testcase classname="com.crm.testcases.TC33_ToVerifyDedupeRuleTest" name="verifyDedupeRule" time="0.575">
    <skipped/>
  </testcase> <!-- verifyDedupeRule -->
  <system-out/>
</testsuite> <!-- com.crm.testcases.TC33_ToVerifyDedupeRuleTest -->
