<?xml version="1.0" encoding="UTF-8"?>
<!-- Generated by org.testng.reporters.JUnitReportReporter -->
<testsuite hostname="Kumuads" failures="0" tests="1" name="com.crm.testcases.TC26_ToVerifyonEditOffersAlldataDisplayInEditPageTest" time="68.697" errors="0" timestamp="2022-12-29T16:56:00 IST" skipped="0">
  <testcase classname="com.crm.testcases.TC26_ToVerifyonEditOffersAlldataDisplayInEditPageTest" name="VerifyEditOnOffers" time="68.697"/>
  <system-out/>
</testsuite> <!-- com.crm.testcases.TC26_ToVerifyonEditOffersAlldataDisplayInEditPageTest -->
